2026-04-17 01:16:14,451 - mgadrive - INFO - GET /health - Status: 200 - Time: 0.0020s
2026-04-17 01:16:14,452 - mgadrive - INFO - GET /health - Status: 200 - Time: 0.0030s
2026-04-17 01:16:14,453 - mgadrive - INFO - GET /health - Status: 200 - Time: 0.0040s
2026-04-17 01:16:14,454 - mgadrive - INFO - GET /health - Status: 200 - Time: 0.0000s
2026-04-17 01:16:14,456 - mgadrive - INFO - GET /health - Status: 200 - Time: 0.0010s
2026-04-17 01:16:19,683 - mgadrive - INFO - GET /health - Status: 200 - Time: 0.0010s
2026-04-17 01:16:29,012 - mgadrive - INFO - GET /health - Status: 200 - Time: 0.0010s
2026-04-17 01:16:33,271 - mgadrive - INFO - POST /token - Status: 200 - Time: 0.2211s
2026-04-17 01:16:33,342 - mgadrive - INFO - GET /me - Status: 200 - Time: 0.0010s
2026-04-17 01:16:33,349 - mgadrive - INFO - GET /files - Status: 200 - Time: 0.0020s
2026-04-17 01:16:33,352 - mgadrive - INFO - GET /health - Status: 200 - Time: 0.0010s
2026-04-17 01:16:33,355 - mgadrive - INFO - GET /me - Status: 200 - Time: 0.0010s
2026-04-17 01:16:33,358 - mgadrive - INFO - GET /files - Status: 200 - Time: 0.0010s
2026-04-17 01:16:33,361 - mgadrive - INFO - GET /health - Status: 200 - Time: 0.0010s
2026-04-17 01:16:36,466 - mgadrive - INFO - GET /admin/users - Status: 200 - Time: 0.0060s
2026-04-17 01:16:36,469 - mgadrive - INFO - GET /admin/users - Status: 200 - Time: 0.0020s
2026-04-17 01:16:51,596 - mgadrive - INFO - PATCH /admin/users/69e121fd1c969bf6a6e1f671 - Status: 200 - Time: 0.0064s
2026-04-17 01:16:51,601 - mgadrive - INFO - GET /admin/users - Status: 200 - Time: 0.0015s
2026-04-17 01:17:22,436 - mgadrive - INFO - GET /admin/users - Status: 200 - Time: 0.0030s
2026-04-17 01:17:22,438 - mgadrive - INFO - GET /admin/users - Status: 200 - Time: 0.0010s
2026-04-17 01:17:49,876 - mgadrive - INFO - PATCH /admin/users/69e121fd1c969bf6a6e1f671 - Status: 200 - Time: 0.0082s
2026-04-17 01:17:49,882 - mgadrive - INFO - GET /admin/users - Status: 200 - Time: 0.0010s
2026-04-17 01:17:55,592 - mgadrive - INFO - GET /admin/logs - Status: 200 - Time: 0.0020s
2026-04-17 01:17:55,595 - mgadrive - INFO - GET /admin/logs - Status: 200 - Time: 0.0010s
2026-04-17 01:17:58,933 - mgadrive - INFO - GET /me - Status: 200 - Time: 0.0020s
2026-04-17 01:17:58,934 - mgadrive - INFO - GET /files - Status: 200 - Time: 0.0020s
2026-04-17 01:17:58,935 - mgadrive - INFO - GET /health - Status: 200 - Time: 0.0020s
2026-04-17 01:17:58,937 - mgadrive - INFO - GET /me - Status: 200 - Time: 0.0030s
2026-04-17 01:17:58,938 - mgadrive - INFO - GET /files - Status: 200 - Time: 0.0020s
2026-04-17 01:17:58,938 - mgadrive - INFO - GET /health - Status: 200 - Time: 0.0010s
2026-04-17 01:18:07,548 - mgadrive - INFO - GET /admin/users - Status: 200 - Time: 0.0020s
2026-04-17 01:18:07,552 - mgadrive - INFO - GET /admin/users - Status: 200 - Time: 0.0020s
2026-04-17 01:20:01,614 - mgadrive - INFO - GET /me - Status: 200 - Time: 0.0020s
2026-04-17 01:20:01,615 - mgadrive - INFO - GET /files - Status: 200 - Time: 0.0020s
2026-04-17 01:20:01,616 - mgadrive - INFO - GET /health - Status: 200 - Time: 0.0030s
2026-04-17 01:20:01,619 - mgadrive - INFO - GET /me - Status: 200 - Time: 0.0020s
2026-04-17 01:20:01,620 - mgadrive - INFO - GET /files - Status: 200 - Time: 0.0030s
2026-04-17 01:20:01,620 - mgadrive - INFO - GET /health - Status: 200 - Time: 0.0020s
2026-04-17 01:20:04,500 - mgadrive - INFO - GET /admin/users - Status: 200 - Time: 0.0020s
2026-04-17 01:20:04,502 - mgadrive - INFO - GET /admin/users - Status: 200 - Time: 0.0010s
2026-04-17 01:20:08,689 - mgadrive - INFO - GET /admin/logs - Status: 200 - Time: 0.0010s
2026-04-17 01:20:08,691 - mgadrive - INFO - GET /admin/logs - Status: 200 - Time: 0.0010s
2026-04-17 01:20:11,572 - mgadrive - INFO - GET /me - Status: 200 - Time: 0.0020s
2026-04-17 01:20:11,573 - mgadrive - INFO - GET /files - Status: 200 - Time: 0.0020s
2026-04-17 01:20:11,574 - mgadrive - INFO - GET /health - Status: 200 - Time: 0.0030s
2026-04-17 01:20:11,576 - mgadrive - INFO - GET /me - Status: 200 - Time: 0.0023s
2026-04-17 01:20:11,577 - mgadrive - INFO - GET /files - Status: 200 - Time: 0.0020s
2026-04-17 01:20:11,578 - mgadrive - INFO - GET /health - Status: 200 - Time: 0.0010s
2026-04-17 01:20:42,153 - mgadrive - INFO - GET /health - Status: 200 - Time: 0.0010s
2026-04-17 01:23:27,891 - mgadrive - INFO - GET /health - Status: 200 - Time: 0.0010s
2026-04-17 01:23:27,894 - mgadrive - INFO - GET /health - Status: 200 - Time: 0.0010s
2026-04-17 01:23:37,314 - mgadrive - INFO - GET /health - Status: 200 - Time: 0.0010s
2026-04-17 01:23:42,181 - mgadrive - INFO - POST /token - Status: 200 - Time: 0.2187s
2026-04-17 01:23:42,240 - mgadrive - INFO - GET /me - Status: 200 - Time: 0.0020s
2026-04-17 01:23:42,241 - mgadrive - INFO - GET /files - Status: 200 - Time: 0.0020s
2026-04-17 01:23:42,245 - mgadrive - INFO - GET /health - Status: 200 - Time: 0.0020s
2026-04-17 01:23:42,246 - mgadrive - INFO - GET /me - Status: 200 - Time: 0.0010s
2026-04-17 01:23:42,249 - mgadrive - INFO - GET /files - Status: 200 - Time: 0.0010s
2026-04-17 01:23:42,250 - mgadrive - INFO - GET /health - Status: 200 - Time: 0.0020s
2026-04-17 01:23:44,478 - mgadrive - INFO - GET /admin/users - Status: 200 - Time: 0.0020s
2026-04-17 01:23:44,480 - mgadrive - INFO - GET /admin/users - Status: 200 - Time: 0.0010s
2026-04-17 01:24:03,820 - mgadrive - INFO - GET /me - Status: 200 - Time: 0.0020s
2026-04-17 01:24:03,822 - mgadrive - INFO - GET /files - Status: 200 - Time: 0.0040s
2026-04-17 01:24:03,823 - mgadrive - INFO - GET /health - Status: 200 - Time: 0.0050s
2026-04-17 01:24:03,824 - mgadrive - INFO - GET /me - Status: 200 - Time: 0.0020s
2026-04-17 01:24:03,826 - mgadrive - INFO - GET /files - Status: 200 - Time: 0.0021s
2026-04-17 01:24:03,826 - mgadrive - INFO - GET /health - Status: 200 - Time: 0.0010s
2026-04-17 01:24:04,947 - mgadrive - INFO - GET /health - Status: 200 - Time: 0.0010s
2026-04-17 01:24:04,948 - mgadrive - INFO - GET /health - Status: 200 - Time: 0.0000s
2026-04-17 01:24:09,256 - mgadrive - INFO - POST /token - Status: 401 - Time: 0.1969s
2026-04-17 01:24:14,734 - mgadrive - INFO - POST /token - Status: 200 - Time: 0.1981s
2026-04-17 01:24:14,791 - mgadrive - INFO - GET /me - Status: 200 - Time: 0.0020s
2026-04-17 01:24:14,799 - mgadrive - INFO - GET /files - Status: 404 - Time: 0.0010s
2026-04-17 01:24:14,802 - mgadrive - INFO - GET /health - Status: 200 - Time: 0.0000s
2026-04-17 01:24:14,806 - mgadrive - INFO - GET /me - Status: 200 - Time: 0.0010s
2026-04-17 01:24:14,809 - mgadrive - INFO - GET /files - Status: 404 - Time: 0.0010s
2026-04-17 01:24:14,811 - mgadrive - INFO - GET /health - Status: 200 - Time: 0.0000s
2026-04-17 01:24:49,293 - mgadrive - INFO - GET /health - Status: 200 - Time: 0.0010s
2026-04-17 01:24:49,299 - mgadrive - INFO - POST /folder - Status: 200 - Time: 0.0020s
2026-04-17 01:24:49,305 - mgadrive - INFO - GET /files - Status: 200 - Time: 0.0020s
2026-04-17 01:24:56,053 - mgadrive - INFO - GET /files - Status: 200 - Time: 0.0010s
2026-04-17 01:25:02,623 - mgadrive - INFO - POST /upload - Status: 200 - Time: 0.0476s
2026-04-17 01:25:02,628 - mgadrive - INFO - GET /files - Status: 200 - Time: 0.0010s
2026-04-17 01:25:09,220 - mgadrive - INFO - GET /files - Status: 200 - Time: 0.0020s
2026-04-17 01:25:10,462 - mgadrive - INFO - GET /me - Status: 200 - Time: 0.0010s
2026-04-17 01:25:10,468 - mgadrive - INFO - GET /files - Status: 200 - Time: 0.0010s
2026-04-17 01:25:10,473 - mgadrive - INFO - GET /health - Status: 200 - Time: 0.0000s
2026-04-17 01:25:10,476 - mgadrive - INFO - GET /me - Status: 200 - Time: 0.0010s
2026-04-17 01:25:10,479 - mgadrive - INFO - GET /files - Status: 200 - Time: 0.0010s
2026-04-17 01:25:10,481 - mgadrive - INFO - GET /health - Status: 200 - Time: 0.0000s
2026-04-17 01:25:11,252 - mgadrive - INFO - GET /files - Status: 200 - Time: 0.0020s
2026-04-17 01:25:18,012 - mgadrive - INFO - GET /download - Status: 200 - Time: 0.0010s
2026-04-17 01:25:36,105 - mgadrive - INFO - GET /download - Status: 200 - Time: 0.0010s
2026-04-17 01:25:37,357 - mgadrive - INFO - GET /download - Status: 200 - Time: 0.0010s
2026-04-17 01:25:40,456 - mgadrive - INFO - GET /health - Status: 200 - Time: 0.0010s
2026-04-17 01:26:04,273 - mgadrive - INFO - POST /upload - Status: 200 - Time: 0.0110s
2026-04-17 01:26:04,277 - mgadrive - INFO - GET /files - Status: 200 - Time: 0.0010s
2026-04-17 01:26:10,466 - mgadrive - INFO - GET /health - Status: 200 - Time: 0.0010s
2026-04-17 01:26:18,099 - mgadrive - INFO - POST /upload - Status: 200 - Time: 0.0057s
2026-04-17 01:26:18,104 - mgadrive - INFO - GET /files - Status: 200 - Time: 0.0010s
2026-04-17 01:26:20,751 - mgadrive - INFO - GET /download - Status: 200 - Time: 0.0010s
2026-04-17 01:26:31,417 - mgadrive - INFO - GET /files - Status: 200 - Time: 0.0010s
2026-04-17 01:26:36,844 - mgadrive - INFO - GET /files - Status: 200 - Time: 0.0010s
2026-04-17 01:26:40,466 - mgadrive - INFO - GET /health - Status: 200 - Time: 0.0000s
2026-04-17 23:09:35,429 - mgadrive - INFO - GET /me - Status: 200 - Time: 0.0160s
2026-04-17 23:09:35,430 - mgadrive - INFO - GET /health - Status: 200 - Time: 0.0040s
2026-04-17 23:09:35,432 - mgadrive - INFO - GET /files - Status: 200 - Time: 0.0050s
2026-04-17 23:09:35,433 - mgadrive - INFO - GET /me - Status: 200 - Time: 0.0020s
2026-04-17 23:09:35,434 - mgadrive - INFO - GET /health - Status: 200 - Time: 0.0020s
2026-04-17 23:09:35,434 - mgadrive - INFO - GET /files - Status: 200 - Time: 0.0010s
2026-04-17 23:09:39,053 - mgadrive - INFO - GET /files - Status: 200 - Time: 0.0015s
2026-04-17 23:09:47,905 - mgadrive - INFO - GET /download - Status: 200 - Time: 0.0047s
2026-04-17 23:09:58,340 - mgadrive - INFO - POST /upload - Status: 200 - Time: 0.0329s
2026-04-17 23:09:58,348 - mgadrive - INFO - GET /files - Status: 200 - Time: 0.0010s
2026-04-17 23:10:05,080 - mgadrive - INFO - GET /health - Status: 200 - Time: 0.0010s
2026-04-17 23:10:35,393 - mgadrive - INFO - GET /health - Status: 200 - Time: 0.0010s
2026-04-17 23:11:05,160 - mgadrive - INFO - GET /health - Status: 200 - Time: 0.0000s
2026-04-17 23:11:35,474 - mgadrive - INFO - GET /health - Status: 200 - Time: 0.0010s
2026-04-17 23:12:05,162 - mgadrive - INFO - GET /health - Status: 200 - Time: 0.0010s
2026-04-17 23:12:35,470 - mgadrive - INFO - GET /health - Status: 200 - Time: 0.0010s
2026-04-17 23:13:05,161 - mgadrive - INFO - GET /health - Status: 200 - Time: 0.0010s
2026-04-17 23:14:05,892 - mgadrive - INFO - GET /health - Status: 200 - Time: 0.0010s
2026-04-17 23:14:35,168 - mgadrive - INFO - GET /health - Status: 200 - Time: 0.0010s
2026-04-17 23:15:05,397 - mgadrive - INFO - GET /health - Status: 200 - Time: 0.0010s
2026-04-17 23:15:35,165 - mgadrive - INFO - GET /health - Status: 200 - Time: 0.0010s
2026-04-17 23:16:05,466 - mgadrive - INFO - GET /health - Status: 200 - Time: 0.0010s
2026-04-17 23:17:06,467 - mgadrive - INFO - GET /health - Status: 200 - Time: 0.0005s
2026-04-17 23:18:07,465 - mgadrive - INFO - GET /health - Status: 200 - Time: 0.0010s
2026-04-17 23:19:08,467 - mgadrive - INFO - GET /health - Status: 200 - Time: 0.0009s
2026-04-17 23:19:58,192 - mgadrive - INFO - GET /me - Status: 200 - Time: 0.0050s
2026-04-17 23:19:58,196 - mgadrive - INFO - GET /files - Status: 200 - Time: 0.0020s
2026-04-17 23:19:58,200 - mgadrive - INFO - GET /health - Status: 200 - Time: 0.0010s
2026-04-17 23:20:29,154 - mgadrive - INFO - GET /health - Status: 200 - Time: 0.0000s
2026-04-17 23:20:59,473 - mgadrive - INFO - GET /health - Status: 200 - Time: 0.0012s
2026-04-17 23:21:29,158 - mgadrive - INFO - GET /health - Status: 200 - Time: 0.0010s
2026-04-17 23:21:51,689 - mgadrive - INFO - GET /download - Status: 200 - Time: 0.0299s
2026-04-17 23:21:52,603 - mgadrive - INFO - GET /files - Status: 200 - Time: 0.0015s
2026-04-17 23:21:52,613 - mgadrive - INFO - GET /download - Status: 200 - Time: 0.0010s
2026-04-17 23:21:52,928 - mgadrive - INFO - GET /download - Status: 200 - Time: 0.0020s
2026-04-17 23:21:52,930 - mgadrive - INFO - GET /download - Status: 200 - Time: 0.0030s
2026-04-17 23:21:58,175 - mgadrive - INFO - GET /health - Status: 200 - Time: 0.0010s
2026-04-17 23:22:09,614 - mgadrive - INFO - GET /download - Status: 200 - Time: 0.0010s
2026-04-17 23:22:10,555 - mgadrive - INFO - GET /download - Status: 200 - Time: 0.0020s
2026-04-17 23:22:28,492 - mgadrive - INFO - GET /health - Status: 200 - Time: 0.0010s
2026-04-17 23:22:58,187 - mgadrive - INFO - GET /health - Status: 200 - Time: 0.0010s
2026-04-17 23:23:28,480 - mgadrive - INFO - GET /health - Status: 200 - Time: 0.0009s
2026-04-17 23:23:58,175 - mgadrive - INFO - GET /health - Status: 200 - Time: 0.0000s
2026-04-17 23:24:28,497 - mgadrive - INFO - GET /health - Status: 200 - Time: 0.0009s
2026-04-17 23:24:59,166 - mgadrive - INFO - GET /health - Status: 200 - Time: 0.0010s
2026-04-17 23:25:29,466 - mgadrive - INFO - GET /health - Status: 200 - Time: 0.0010s
2026-04-17 23:26:34,467 - mgadrive - INFO - GET /health - Status: 200 - Time: 0.0013s
2026-04-17 23:27:34,160 - mgadrive - INFO - GET /health - Status: 200 - Time: 0.0000s
2026-04-17 23:28:34,474 - mgadrive - INFO - GET /health - Status: 200 - Time: 0.0000s
2026-04-17 23:29:34,160 - mgadrive - INFO - GET /health - Status: 200 - Time: 0.0000s
2026-04-17 23:30:34,464 - mgadrive - INFO - GET /health - Status: 200 - Time: 0.0010s
2026-04-17 23:31:34,165 - mgadrive - INFO - GET /health - Status: 200 - Time: 0.0010s
2026-04-17 23:32:34,473 - mgadrive - INFO - GET /health - Status: 200 - Time: 0.0010s
2026-04-17 23:33:34,162 - mgadrive - INFO - GET /health - Status: 200 - Time: 0.0010s
2026-04-17 23:34:34,475 - mgadrive - INFO - GET /health - Status: 200 - Time: 0.0011s
2026-04-17 23:35:35,132 - mgadrive - INFO - GET /health - Status: 200 - Time: 0.0010s
2026-04-17 23:36:34,157 - mgadrive - INFO - GET /health - Status: 200 - Time: 0.0010s
2026-04-17 23:37:34,471 - mgadrive - INFO - GET /health - Status: 200 - Time: 0.0010s
2026-04-17 23:38:34,158 - mgadrive - INFO - GET /health - Status: 200 - Time: 0.0005s
2026-04-17 23:39:31,491 - mgadrive - INFO - GET /health - Status: 200 - Time: 0.0020s
2026-04-17 23:39:31,498 - mgadrive - INFO - GET /me - Status: 200 - Time: 0.0055s
2026-04-17 23:39:31,499 - mgadrive - INFO - GET /files - Status: 200 - Time: 0.0020s
2026-04-17 23:39:32,155 - mgadrive - INFO - GET /files - Status: 200 - Time: 0.0010s
2026-04-17 23:39:41,163 - mgadrive - INFO - GET /me - Status: 200 - Time: 0.0007s
2026-04-17 23:39:41,167 - mgadrive - INFO - GET /files - Status: 200 - Time: 0.0010s
2026-04-17 23:39:41,170 - mgadrive - INFO - GET /health - Status: 200 - Time: 0.0010s
2026-04-17 23:39:42,167 - mgadrive - INFO - GET /files - Status: 200 - Time: 0.0020s
2026-04-17 23:40:12,158 - mgadrive - INFO - GET /health - Status: 200 - Time: 0.0010s
2026-04-17 23:40:42,472 - mgadrive - INFO - GET /health - Status: 200 - Time: 0.0010s
2026-04-17 23:41:12,161 - mgadrive - INFO - GET /health - Status: 200 - Time: 0.0010s
2026-04-17 23:41:42,465 - mgadrive - INFO - GET /health - Status: 200 - Time: 0.0009s
2026-04-17 23:42:12,159 - mgadrive - INFO - GET /health - Status: 200 - Time: 0.0010s
2026-04-17 23:43:34,461 - mgadrive - INFO - GET /health - Status: 200 - Time: 0.0000s
2026-04-17 23:43:48,889 - mgadrive - INFO - GET /health - Status: 200 - Time: 0.0010s
2026-04-17 23:43:50,674 - mgadrive - INFO - GET /me - Status: 200 - Time: 0.0010s
2026-04-17 23:43:50,677 - mgadrive - INFO - GET /files - Status: 200 - Time: 0.0010s
2026-04-17 23:43:50,679 - mgadrive - INFO - GET /health - Status: 200 - Time: 0.0010s
2026-04-17 23:43:50,977 - mgadrive - INFO - GET /search - Status: 200 - Time: 0.0020s
2026-04-17 23:43:50,979 - mgadrive - INFO - GET /me - Status: 200 - Time: 0.0010s
2026-04-17 23:43:50,981 - mgadrive - INFO - GET /files - Status: 200 - Time: 0.0030s
2026-04-17 23:43:50,982 - mgadrive - INFO - GET /health - Status: 200 - Time: 0.0020s
2026-04-17 23:43:51,279 - mgadrive - INFO - GET /search - Status: 200 - Time: 0.0010s
2026-04-17 23:43:51,306 - mgadrive - INFO - GET /download - Status: 404 - Time: 0.0010s
2026-04-17 23:43:51,307 - mgadrive - INFO - GET /download - Status: 404 - Time: 0.0020s
2026-04-17 23:43:52,020 - mgadrive - INFO - GET /me - Status: 200 - Time: 0.0020s
2026-04-17 23:43:52,022 - mgadrive - INFO - GET /files - Status: 200 - Time: 0.0027s
2026-04-17 23:43:52,022 - mgadrive - INFO - GET /health - Status: 200 - Time: 0.0027s
2026-04-17 23:43:52,037 - mgadrive - INFO - GET /download - Status: 404 - Time: 0.0010s
2026-04-17 23:43:52,319 - mgadrive - INFO - GET /files - Status: 200 - Time: 0.0010s
2026-04-17 23:43:52,326 - mgadrive - INFO - GET /me - Status: 200 - Time: 0.0020s
2026-04-17 23:43:52,326 - mgadrive - INFO - GET /files - Status: 200 - Time: 0.0020s
2026-04-17 23:43:52,327 - mgadrive - INFO - GET /health - Status: 200 - Time: 0.0020s
2026-04-17 23:43:52,340 - mgadrive - INFO - GET /download - Status: 404 - Time: 0.0010s
2026-04-17 23:43:52,635 - mgadrive - INFO - GET /files - Status: 200 - Time: 0.0010s
2026-04-17 23:43:53,212 - mgadrive - INFO - GET /files - Status: 200 - Time: 0.0010s
2026-04-17 23:43:53,557 - mgadrive - INFO - GET /download - Status: 200 - Time: 0.0274s
2026-04-17 23:43:53,560 - mgadrive - INFO - GET /files - Status: 200 - Time: 0.0030s
2026-04-17 23:43:53,561 - mgadrive - INFO - GET /download - Status: 200 - Time: 0.0020s
2026-04-17 23:43:53,562 - mgadrive - INFO - GET /download - Status: 200 - Time: 0.0030s
2026-04-17 23:43:53,639 - mgadrive - INFO - GET /download - Status: 200 - Time: 0.0020s
2026-04-17 23:43:55,107 - mgadrive - INFO - GET /me - Status: 200 - Time: 0.0020s
2026-04-17 23:43:55,108 - mgadrive - INFO - GET /health - Status: 200 - Time: 0.0020s
2026-04-17 23:43:55,108 - mgadrive - INFO - GET /files - Status: 200 - Time: 0.0020s
2026-04-17 23:43:55,433 - mgadrive - INFO - GET /search - Status: 200 - Time: 0.0020s
2026-04-17 23:43:55,439 - mgadrive - INFO - GET /me - Status: 200 - Time: 0.0020s
2026-04-17 23:43:55,440 - mgadrive - INFO - GET /files - Status: 200 - Time: 0.0020s
2026-04-17 23:43:55,440 - mgadrive - INFO - GET /health - Status: 200 - Time: 0.0020s
2026-04-17 23:43:55,456 - mgadrive - INFO - GET /download - Status: 404 - Time: 0.0020s
2026-04-17 23:43:55,457 - mgadrive - INFO - GET /download - Status: 404 - Time: 0.0020s
2026-04-17 23:43:55,739 - mgadrive - INFO - GET /search - Status: 200 - Time: 0.0010s
2026-04-17 23:43:55,752 - mgadrive - INFO - GET /download - Status: 404 - Time: 0.0010s
2026-04-17 23:43:56,061 - mgadrive - INFO - GET /download - Status: 404 - Time: 0.0010s
2026-04-17 23:43:58,890 - mgadrive - INFO - GET /me - Status: 200 - Time: 0.0020s
2026-04-17 23:43:58,892 - mgadrive - INFO - GET /files - Status: 200 - Time: 0.0020s
2026-04-17 23:43:58,892 - mgadrive - INFO - GET /health - Status: 200 - Time: 0.0025s
2026-04-17 23:43:59,205 - mgadrive - INFO - GET /search - Status: 200 - Time: 0.0020s
2026-04-17 23:43:59,207 - mgadrive - INFO - GET /download - Status: 404 - Time: 0.0010s
2026-04-17 23:43:59,208 - mgadrive - INFO - GET /download - Status: 404 - Time: 0.0020s
2026-04-17 23:43:59,527 - mgadrive - INFO - GET /download - Status: 404 - Time: 0.0015s
2026-04-17 23:44:00,465 - mgadrive - INFO - GET /me - Status: 200 - Time: 0.0021s
2026-04-17 23:44:00,466 - mgadrive - INFO - GET /health - Status: 200 - Time: 0.0020s
2026-04-17 23:44:00,467 - mgadrive - INFO - GET /files - Status: 200 - Time: 0.0035s
2026-04-17 23:44:00,767 - mgadrive - INFO - GET /search - Status: 200 - Time: 0.0010s
2026-04-17 23:44:00,794 - mgadrive - INFO - GET /download - Status: 404 - Time: 0.0006s
2026-04-17 23:44:01,994 - mgadrive - INFO - GET /me - Status: 200 - Time: 0.0022s
2026-04-17 23:44:01,995 - mgadrive - INFO - GET /files - Status: 200 - Time: 0.0032s
2026-04-17 23:44:01,995 - mgadrive - INFO - GET /health - Status: 200 - Time: 0.0022s
2026-04-17 23:44:02,294 - mgadrive - INFO - GET /search - Status: 200 - Time: 0.0020s
2026-04-17 23:44:02,617 - mgadrive - INFO - GET /download - Status: 404 - Time: 0.0015s
2026-04-17 23:44:02,618 - mgadrive - INFO - GET /download - Status: 404 - Time: 0.0020s
2026-04-17 23:44:05,177 - mgadrive - INFO - GET /download - Status: 404 - Time: 0.0010s
2026-04-17 23:44:11,406 - mgadrive - INFO - GET /download - Status: 200 - Time: 0.0020s
2026-04-17 23:44:11,466 - mgadrive - INFO - GET /download - Status: 200 - Time: 0.0010s
2026-04-17 23:44:31,993 - mgadrive - INFO - GET /health - Status: 200 - Time: 0.0005s
2026-04-17 23:44:35,982 - mgadrive - INFO - GET /me - Status: 200 - Time: 0.0010s
2026-04-17 23:44:35,986 - mgadrive - INFO - GET /files - Status: 200 - Time: 0.0011s
2026-04-17 23:44:35,988 - mgadrive - INFO - GET /health - Status: 200 - Time: 0.0005s
2026-04-17 23:44:36,285 - mgadrive - INFO - GET /files - Status: 200 - Time: 0.0005s
2026-04-17 23:44:36,291 - mgadrive - INFO - GET /me - Status: 200 - Time: 0.0020s
2026-04-17 23:44:36,292 - mgadrive - INFO - GET /files - Status: 200 - Time: 0.0020s
2026-04-17 23:44:36,293 - mgadrive - INFO - GET /health - Status: 200 - Time: 0.0020s
2026-04-17 23:44:36,316 - mgadrive - INFO - GET /download - Status: 404 - Time: 0.0019s
2026-04-17 23:44:36,317 - mgadrive - INFO - GET /download - Status: 404 - Time: 0.0029s
2026-04-17 23:44:36,595 - mgadrive - INFO - GET /files - Status: 200 - Time: 0.0010s
2026-04-17 23:44:37,346 - mgadrive - INFO - GET /files - Status: 200 - Time: 0.0010s
2026-04-17 23:44:37,360 - mgadrive - INFO - GET /download - Status: 200 - Time: 0.0010s
2026-04-17 23:44:37,597 - mgadrive - INFO - GET /download - Status: 200 - Time: 0.0020s
2026-04-17 23:44:37,669 - mgadrive - INFO - GET /download - Status: 200 - Time: 0.0020s
2026-04-17 23:44:37,674 - mgadrive - INFO - GET /files - Status: 200 - Time: 0.0010s
2026-04-17 23:44:37,685 - mgadrive - INFO - GET /download - Status: 200 - Time: 0.0015s
2026-04-17 23:44:44,379 - mgadrive - INFO - GET /health - Status: 200 - Time: 0.0010s
2026-04-17 23:44:44,380 - mgadrive - INFO - GET /files - Status: 200 - Time: 0.0030s
2026-04-17 23:44:44,380 - mgadrive - INFO - GET /me - Status: 200 - Time: 0.0030s
2026-04-17 23:44:44,382 - mgadrive - INFO - GET /search - Status: 200 - Time: 0.0020s
2026-04-17 23:44:44,402 - mgadrive - INFO - GET /download - Status: 404 - Time: 0.0020s
2026-04-17 23:44:44,704 - mgadrive - INFO - GET /search - Status: 200 - Time: 0.0010s
2026-04-17 23:44:45,026 - mgadrive - INFO - GET /download - Status: 404 - Time: 0.0011s
2026-04-17 23:44:47,904 - mgadrive - INFO - GET /files - Status: 200 - Time: 0.0010s
2026-04-17 23:44:47,910 - mgadrive - INFO - GET /me - Status: 200 - Time: 0.0010s
2026-04-17 23:44:47,911 - mgadrive - INFO - GET /files - Status: 200 - Time: 0.0020s
2026-04-17 23:44:47,912 - mgadrive - INFO - GET /health - Status: 200 - Time: 0.0020s
2026-04-17 23:44:48,212 - mgadrive - INFO - GET /files - Status: 200 - Time: 0.0010s
2026-04-17 23:44:55,713 - mgadrive - INFO - GET /download - Status: 200 - Time: 0.0020s
2026-04-17 23:44:55,714 - mgadrive - INFO - GET /download - Status: 200 - Time: 0.0025s
2026-04-17 23:45:18,061 - mgadrive - INFO - GET /me - Status: 200 - Time: 0.0065s
2026-04-17 23:45:18,062 - mgadrive - INFO - GET /health - Status: 200 - Time: 0.0020s
2026-04-17 23:45:18,062 - mgadrive - INFO - GET /files - Status: 200 - Time: 0.0040s
2026-04-17 23:45:18,064 - mgadrive - INFO - GET /me - Status: 200 - Time: 0.0018s
2026-04-17 23:45:18,065 - mgadrive - INFO - GET /health - Status: 200 - Time: 0.0018s
2026-04-17 23:45:18,066 - mgadrive - INFO - GET /files - Status: 200 - Time: 0.0028s
2026-04-17 23:45:18,068 - mgadrive - INFO - GET /files - Status: 200 - Time: 0.0010s
2026-04-17 23:45:19,251 - mgadrive - INFO - GET /me - Status: 200 - Time: 0.0030s
2026-04-17 23:45:19,252 - mgadrive - INFO - GET /files - Status: 200 - Time: 0.0020s
2026-04-17 23:45:19,252 - mgadrive - INFO - GET /health - Status: 200 - Time: 0.0025s
2026-04-17 23:45:19,553 - mgadrive - INFO - GET /search - Status: 200 - Time: 0.0020s
2026-04-17 23:45:19,558 - mgadrive - INFO - GET /me - Status: 200 - Time: 0.0020s
2026-04-17 23:45:19,559 - mgadrive - INFO - GET /files - Status: 200 - Time: 0.0020s
2026-04-17 23:45:19,559 - mgadrive - INFO - GET /health - Status: 200 - Time: 0.0020s
2026-04-17 23:45:19,871 - mgadrive - INFO - GET /search - Status: 200 - Time: 0.0020s
2026-04-17 23:45:19,874 - mgadrive - INFO - GET /download - Status: 404 - Time: 0.0025s
2026-04-17 23:45:19,874 - mgadrive - INFO - GET /download - Status: 404 - Time: 0.0015s
2026-04-17 23:45:20,129 - mgadrive - INFO - GET /download - Status: 404 - Time: 0.0010s
2026-04-17 23:45:20,191 - mgadrive - INFO - GET /download - Status: 404 - Time: 0.0010s
2026-04-17 23:45:21,359 - mgadrive - INFO - GET /me - Status: 200 - Time: 0.0020s
2026-04-17 23:45:21,360 - mgadrive - INFO - GET /files - Status: 200 - Time: 0.0030s
2026-04-17 23:45:21,360 - mgadrive - INFO - GET /health - Status: 200 - Time: 0.0030s
2026-04-17 23:45:21,385 - mgadrive - INFO - GET /download - Status: 404 - Time: 0.0010s
2026-04-17 23:45:21,659 - mgadrive - INFO - GET /search - Status: 200 - Time: 0.0020s
2026-04-17 23:45:21,688 - mgadrive - INFO - GET /download - Status: 404 - Time: 0.0010s
2026-04-17 23:45:21,980 - mgadrive - INFO - GET /download - Status: 404 - Time: 0.0009s
2026-04-17 23:45:22,122 - mgadrive - INFO - GET /me - Status: 200 - Time: 0.0020s
2026-04-17 23:45:22,123 - mgadrive - INFO - GET /files - Status: 200 - Time: 0.0020s
2026-04-17 23:45:22,124 - mgadrive - INFO - GET /health - Status: 200 - Time: 0.0030s
2026-04-17 23:45:22,434 - mgadrive - INFO - GET /search - Status: 200 - Time: 0.0010s
2026-04-17 23:45:22,446 - mgadrive - INFO - GET /download - Status: 404 - Time: 0.0008s
2026-04-17 23:45:23,566 - mgadrive - INFO - GET /me - Status: 200 - Time: 0.0020s
2026-04-17 23:45:23,567 - mgadrive - INFO - GET /files - Status: 200 - Time: 0.0030s
2026-04-17 23:45:23,568 - mgadrive - INFO - GET /health - Status: 200 - Time: 0.0030s
2026-04-17 23:45:23,868 - mgadrive - INFO - GET /search - Status: 200 - Time: 0.0010s
2026-04-17 23:45:23,886 - mgadrive - INFO - GET /download - Status: 404 - Time: 0.0010s
2026-04-17 23:45:24,190 - mgadrive - INFO - GET /download - Status: 404 - Time: 0.0007s
2026-04-17 23:45:53,175 - mgadrive - INFO - GET /me - Status: 200 - Time: 0.0020s
2026-04-17 23:45:53,176 - mgadrive - INFO - GET /files - Status: 200 - Time: 0.0020s
2026-04-17 23:45:53,177 - mgadrive - INFO - GET /health - Status: 200 - Time: 0.0030s
2026-04-17 23:45:53,515 - mgadrive - INFO - GET /download - Status: 200 - Time: 0.0270s
2026-04-17 23:45:53,516 - mgadrive - INFO - GET /download - Status: 200 - Time: 0.0280s
2026-04-17 23:45:54,156 - mgadrive - INFO - GET /files - Status: 200 - Time: 0.0010s
2026-04-17 23:45:54,163 - mgadrive - INFO - GET /me - Status: 200 - Time: 0.0020s
2026-04-17 23:45:54,163 - mgadrive - INFO - GET /files - Status: 200 - Time: 0.0020s
2026-04-17 23:45:54,164 - mgadrive - INFO - GET /health - Status: 200 - Time: 0.0020s
2026-04-17 23:45:55,154 - mgadrive - INFO - GET /files - Status: 200 - Time: 0.0010s
2026-04-17 23:46:07,467 - mgadrive - INFO - GET /health - Status: 200 - Time: 0.0020s
2026-04-17 23:46:07,467 - mgadrive - INFO - GET /files - Status: 200 - Time: 0.0020s
2026-04-17 23:46:07,468 - mgadrive - INFO - GET /me - Status: 200 - Time: 0.0030s
2026-04-17 23:46:08,161 - mgadrive - INFO - GET /files - Status: 200 - Time: 0.0020s
2026-04-17 23:46:38,161 - mgadrive - INFO - GET /health - Status: 200 - Time: 0.0010s
2026-04-17 23:46:46,697 - mgadrive - INFO - GET /health - Status: 200 - Time: 0.0020s
2026-04-17 23:46:46,698 - mgadrive - INFO - GET /me - Status: 200 - Time: 0.0030s
2026-04-17 23:46:46,699 - mgadrive - INFO - GET /files - Status: 200 - Time: 0.0040s
2026-04-17 23:46:46,701 - mgadrive - INFO - GET /files - Status: 200 - Time: 0.0010s
2026-04-17 23:46:47,437 - mgadrive - INFO - GET /me - Status: 200 - Time: 0.0020s
2026-04-17 23:46:47,438 - mgadrive - INFO - GET /health - Status: 200 - Time: 0.0019s
2026-04-17 23:46:47,439 - mgadrive - INFO - GET /files - Status: 200 - Time: 0.0030s
2026-04-17 23:46:47,748 - mgadrive - INFO - GET /files - Status: 200 - Time: 0.0010s
2026-04-17 23:46:48,743 - mgadrive - INFO - GET /me - Status: 200 - Time: 0.0020s
2026-04-17 23:46:48,744 - mgadrive - INFO - GET /files - Status: 200 - Time: 0.0020s
2026-04-17 23:46:48,745 - mgadrive - INFO - GET /health - Status: 200 - Time: 0.0030s
2026-04-17 23:46:49,042 - mgadrive - INFO - GET /files - Status: 200 - Time: 0.0010s
2026-04-17 23:46:49,362 - mgadrive - INFO - GET /me - Status: 200 - Time: 0.0020s
2026-04-17 23:46:49,363 - mgadrive - INFO - GET /files - Status: 200 - Time: 0.0030s
2026-04-17 23:46:49,364 - mgadrive - INFO - GET /health - Status: 200 - Time: 0.0030s
2026-04-17 23:46:49,669 - mgadrive - INFO - GET /files - Status: 200 - Time: 0.0010s
2026-04-17 23:46:49,915 - mgadrive - INFO - GET /me - Status: 200 - Time: 0.0015s
2026-04-17 23:46:49,917 - mgadrive - INFO - GET /files - Status: 200 - Time: 0.0035s
2026-04-17 23:46:49,917 - mgadrive - INFO - GET /health - Status: 200 - Time: 0.0020s
2026-04-17 23:46:50,216 - mgadrive - INFO - GET /files - Status: 200 - Time: 0.0010s
2026-04-17 23:46:50,488 - mgadrive - INFO - GET /me - Status: 200 - Time: 0.0020s
2026-04-17 23:46:50,489 - mgadrive - INFO - GET /files - Status: 200 - Time: 0.0021s
2026-04-17 23:46:50,489 - mgadrive - INFO - GET /health - Status: 200 - Time: 0.0021s
2026-04-17 23:46:50,787 - mgadrive - INFO - GET /files - Status: 200 - Time: 0.0019s
2026-04-17 23:46:51,933 - mgadrive - INFO - GET /me - Status: 200 - Time: 0.0010s
2026-04-17 23:46:51,937 - mgadrive - INFO - GET /files - Status: 200 - Time: 0.0036s
2026-04-17 23:46:51,938 - mgadrive - INFO - GET /health - Status: 200 - Time: 0.0030s
2026-04-17 23:46:51,938 - mgadrive - INFO - GET /me - Status: 200 - Time: 0.0030s
2026-04-17 23:46:51,940 - mgadrive - INFO - GET /files - Status: 200 - Time: 0.0010s
2026-04-17 23:46:51,942 - mgadrive - INFO - GET /health - Status: 200 - Time: 0.0010s
2026-04-17 23:46:52,234 - mgadrive - INFO - GET /files - Status: 200 - Time: 0.0010s
2026-04-17 23:46:55,954 - mgadrive - INFO - GET /files - Status: 200 - Time: 0.0011s
2026-04-17 23:46:56,269 - mgadrive - INFO - GET /download - Status: 200 - Time: 0.0020s
2026-04-17 23:46:56,270 - mgadrive - INFO - GET /files - Status: 200 - Time: 0.0020s
2026-04-17 23:46:56,273 - mgadrive - INFO - GET /download - Status: 200 - Time: 0.0020s
2026-04-17 23:46:56,274 - mgadrive - INFO - GET /download - Status: 200 - Time: 0.0020s
2026-04-17 23:46:56,353 - mgadrive - INFO - GET /download - Status: 200 - Time: 0.0020s
2026-04-17 23:46:58,078 - mgadrive - INFO - GET /me - Status: 200 - Time: 0.0020s
2026-04-17 23:46:58,079 - mgadrive - INFO - GET /health - Status: 200 - Time: 0.0023s
2026-04-17 23:46:58,080 - mgadrive - INFO - GET /files - Status: 200 - Time: 0.0038s
2026-04-17 23:46:58,395 - mgadrive - INFO - GET /files - Status: 200 - Time: 0.0010s
2026-04-17 23:46:58,931 - mgadrive - INFO - GET /me - Status: 200 - Time: 0.0020s
2026-04-17 23:46:58,932 - mgadrive - INFO - GET /files - Status: 200 - Time: 0.0020s
2026-04-17 23:46:58,933 - mgadrive - INFO - GET /health - Status: 200 - Time: 0.0030s
2026-04-17 23:46:59,230 - mgadrive - INFO - GET /files - Status: 200 - Time: 0.0020s
2026-04-17 23:47:14,348 - mgadrive - INFO - GET /download - Status: 200 - Time: 0.0013s
2026-04-17 23:47:14,427 - mgadrive - INFO - GET /download - Status: 200 - Time: 0.0020s
2026-04-17 23:47:29,238 - mgadrive - INFO - GET /health - Status: 200 - Time: 0.0000s
2026-04-17 23:47:47,177 - mgadrive - INFO - GET /me - Status: 200 - Time: 0.0010s
2026-04-17 23:47:47,180 - mgadrive - INFO - GET /files - Status: 200 - Time: 0.0010s
2026-04-17 23:47:47,182 - mgadrive - INFO - GET /health - Status: 200 - Time: 0.0000s
2026-04-17 23:47:48,159 - mgadrive - INFO - GET /files - Status: 200 - Time: 0.0010s
2026-04-17 23:48:18,157 - mgadrive - INFO - GET /health - Status: 200 - Time: 0.0010s
2026-04-17 23:48:22,016 - mgadrive - INFO - GET /me - Status: 200 - Time: 0.0010s
2026-04-17 23:48:22,018 - mgadrive - INFO - GET /files - Status: 200 - Time: 0.0020s
2026-04-17 23:48:22,023 - mgadrive - INFO - GET /health - Status: 200 - Time: 0.0010s
2026-04-17 23:48:22,024 - mgadrive - INFO - GET /me - Status: 200 - Time: 0.0020s
2026-04-17 23:48:22,028 - mgadrive - INFO - GET /files - Status: 200 - Time: 0.0010s
2026-04-17 23:48:22,030 - mgadrive - INFO - GET /health - Status: 200 - Time: 0.0030s
2026-04-17 23:48:22,320 - mgadrive - INFO - GET /files - Status: 200 - Time: 0.0011s
2026-04-17 23:48:23,476 - mgadrive - INFO - GET /me - Status: 200 - Time: 0.0020s
2026-04-17 23:48:23,477 - mgadrive - INFO - GET /health - Status: 200 - Time: 0.0020s
2026-04-17 23:48:23,478 - mgadrive - INFO - GET /files - Status: 200 - Time: 0.0030s
2026-04-17 23:48:23,781 - mgadrive - INFO - GET /files - Status: 200 - Time: 0.0010s
2026-04-17 23:48:24,012 - mgadrive - INFO - GET /me - Status: 200 - Time: 0.0020s
2026-04-17 23:48:24,012 - mgadrive - INFO - GET /files - Status: 200 - Time: 0.0025s
2026-04-17 23:48:24,013 - mgadrive - INFO - GET /health - Status: 200 - Time: 0.0035s
2026-04-17 23:48:24,311 - mgadrive - INFO - GET /files - Status: 200 - Time: 0.0010s
2026-04-17 23:48:25,488 - mgadrive - INFO - GET /health - Status: 200 - Time: 0.0016s
2026-04-17 23:48:25,490 - mgadrive - INFO - GET /health - Status: 200 - Time: 0.0010s
2026-04-17 23:48:34,073 - mgadrive - INFO - POST /token - Status: 200 - Time: 0.2192s
2026-04-17 23:48:34,116 - mgadrive - INFO - GET /me - Status: 200 - Time: 0.0010s
2026-04-17 23:48:34,119 - mgadrive - INFO - GET /files - Status: 200 - Time: 0.0010s
2026-04-17 23:48:34,121 - mgadrive - INFO - GET /health - Status: 200 - Time: 0.0010s
2026-04-17 23:48:34,127 - mgadrive - INFO - GET /health - Status: 200 - Time: 0.0010s
2026-04-17 23:48:34,128 - mgadrive - INFO - GET /me - Status: 200 - Time: 0.0030s
2026-04-17 23:48:34,128 - mgadrive - INFO - GET /files - Status: 200 - Time: 0.0020s
2026-04-17 23:48:34,402 - mgadrive - INFO - GET /files - Status: 200 - Time: 0.0010s
2026-04-17 23:48:35,878 - mgadrive - INFO - GET /me - Status: 200 - Time: 0.0025s
2026-04-17 23:48:35,879 - mgadrive - INFO - GET /files - Status: 200 - Time: 0.0025s
2026-04-17 23:48:35,879 - mgadrive - INFO - GET /health - Status: 200 - Time: 0.0025s
2026-04-17 23:48:36,184 - mgadrive - INFO - GET /files - Status: 200 - Time: 0.0010s
2026-04-17 23:48:36,562 - mgadrive - INFO - GET /me - Status: 200 - Time: 0.0020s
2026-04-17 23:48:36,564 - mgadrive - INFO - GET /health - Status: 200 - Time: 0.0029s
2026-04-17 23:48:36,564 - mgadrive - INFO - GET /files - Status: 200 - Time: 0.0029s
2026-04-17 23:48:36,865 - mgadrive - INFO - GET /files - Status: 200 - Time: 0.0010s
2026-04-17 23:48:37,692 - mgadrive - INFO - GET /me - Status: 200 - Time: 0.0020s
2026-04-17 23:48:37,693 - mgadrive - INFO - GET /health - Status: 200 - Time: 0.0010s
2026-04-17 23:48:37,694 - mgadrive - INFO - GET /files - Status: 200 - Time: 0.0032s
2026-04-17 23:48:37,991 - mgadrive - INFO - GET /files - Status: 200 - Time: 0.0020s
2026-04-17 23:48:39,455 - mgadrive - INFO - GET /admin/users - Status: 200 - Time: 0.0025s
2026-04-17 23:48:39,458 - mgadrive - INFO - GET /admin/users - Status: 200 - Time: 0.0020s
2026-04-17 23:48:44,283 - mgadrive - INFO - GET /me - Status: 200 - Time: 0.0030s
2026-04-17 23:48:44,285 - mgadrive - INFO - GET /files - Status: 200 - Time: 0.0040s
2026-04-17 23:48:44,285 - mgadrive - INFO - GET /health - Status: 200 - Time: 0.0030s
2026-04-17 23:48:44,287 - mgadrive - INFO - GET /me - Status: 200 - Time: 0.0022s
2026-04-17 23:48:44,288 - mgadrive - INFO - GET /health - Status: 200 - Time: 0.0020s
2026-04-17 23:48:44,289 - mgadrive - INFO - GET /files - Status: 200 - Time: 0.0030s
2026-04-17 23:48:44,580 - mgadrive - INFO - GET /files - Status: 200 - Time: 0.0010s
2026-04-17 23:48:45,446 - mgadrive - INFO - GET /health - Status: 200 - Time: 0.0000s
2026-04-17 23:48:45,448 - mgadrive - INFO - GET /health - Status: 200 - Time: 0.0010s
2026-04-17 23:48:54,309 - mgadrive - INFO - POST /token - Status: 401 - Time: 0.1997s
2026-04-17 23:48:55,443 - mgadrive - INFO - GET /health - Status: 200 - Time: 0.0010s
2026-04-17 23:48:57,848 - mgadrive - INFO - POST /token - Status: 401 - Time: 0.1980s
2026-04-17 23:49:02,096 - mgadrive - INFO - POST /token - Status: 401 - Time: 0.1977s
2026-04-17 23:49:05,442 - mgadrive - INFO - GET /health - Status: 200 - Time: 0.0000s
2026-04-17 23:49:14,720 - mgadrive - INFO - POST /token - Status: 401 - Time: 0.1974s
2026-04-17 23:49:15,449 - mgadrive - INFO - GET /health - Status: 200 - Time: 0.0010s
2026-04-17 23:49:19,080 - mgadrive - INFO - POST /token - Status: 200 - Time: 0.1977s
2026-04-17 23:49:19,120 - mgadrive - INFO - GET /me - Status: 200 - Time: 0.0020s
2026-04-17 23:49:19,124 - mgadrive - INFO - GET /files - Status: 200 - Time: 0.0010s
2026-04-17 23:49:19,126 - mgadrive - INFO - GET /health - Status: 200 - Time: 0.0000s
2026-04-17 23:49:19,130 - mgadrive - INFO - GET /me - Status: 200 - Time: 0.0020s
2026-04-17 23:49:19,134 - mgadrive - INFO - GET /files - Status: 200 - Time: 0.0020s
2026-04-17 23:49:19,136 - mgadrive - INFO - GET /health - Status: 200 - Time: 0.0000s
2026-04-17 23:49:19,394 - mgadrive - INFO - GET /files - Status: 200 - Time: 0.0009s
2026-04-17 23:49:23,387 - mgadrive - INFO - POST /upload - Status: 200 - Time: 0.0025s
2026-04-17 23:49:23,393 - mgadrive - INFO - GET /files - Status: 200 - Time: 0.0010s
2026-04-17 23:49:23,707 - mgadrive - INFO - GET /download - Status: 200 - Time: 0.0015s
2026-04-17 23:49:25,648 - mgadrive - INFO - GET /me - Status: 200 - Time: 0.0021s
2026-04-17 23:49:25,649 - mgadrive - INFO - GET /files - Status: 200 - Time: 0.0020s
2026-04-17 23:49:25,650 - mgadrive - INFO - GET /health - Status: 200 - Time: 0.0030s
2026-04-17 23:49:25,951 - mgadrive - INFO - GET /files - Status: 200 - Time: 0.0010s
2026-04-17 23:49:26,755 - mgadrive - INFO - GET /me - Status: 200 - Time: 0.0020s
2026-04-17 23:49:26,756 - mgadrive - INFO - GET /health - Status: 200 - Time: 0.0020s
2026-04-17 23:49:26,756 - mgadrive - INFO - GET /files - Status: 200 - Time: 0.0020s
2026-04-17 23:49:27,059 - mgadrive - INFO - GET /files - Status: 200 - Time: 0.0010s
2026-04-17 23:49:27,263 - mgadrive - INFO - GET /me - Status: 200 - Time: 0.0010s
2026-04-17 23:49:27,264 - mgadrive - INFO - GET /files - Status: 200 - Time: 0.0020s
2026-04-17 23:49:27,266 - mgadrive - INFO - GET /health - Status: 200 - Time: 0.0030s
2026-04-17 23:49:27,564 - mgadrive - INFO - GET /files - Status: 200 - Time: 0.0010s
2026-04-17 23:49:28,437 - mgadrive - INFO - GET /me - Status: 200 - Time: 0.0020s
2026-04-17 23:49:28,437 - mgadrive - INFO - GET /files - Status: 200 - Time: 0.0020s
2026-04-17 23:49:28,438 - mgadrive - INFO - GET /health - Status: 200 - Time: 0.0030s
2026-04-17 23:49:28,737 - mgadrive - INFO - GET /files - Status: 200 - Time: 0.0010s
2026-04-17 23:49:58,435 - mgadrive - INFO - GET /health - Status: 200 - Time: 0.0000s
2026-04-17 23:49:59,162 - mgadrive - INFO - GET /admin/users - Status: 200 - Time: 0.0010s
2026-04-17 23:49:59,165 - mgadrive - INFO - GET /admin/users - Status: 200 - Time: 0.0010s
2026-04-17 23:50:12,044 - mgadrive - INFO - GET /health - Status: 200 - Time: 0.0000s
2026-04-17 23:50:12,055 - mgadrive - INFO - GET /health - Status: 200 - Time: 0.0010s
2026-04-17 23:50:12,057 - mgadrive - INFO - GET /me - Status: 200 - Time: 0.0015s
2026-04-17 23:50:12,060 - mgadrive - INFO - GET /files - Status: 200 - Time: 0.0010s
2026-04-17 23:50:12,063 - mgadrive - INFO - GET /me - Status: 200 - Time: 0.0010s
2026-04-17 23:50:12,065 - mgadrive - INFO - GET /files - Status: 200 - Time: 0.0010s
2026-04-17 23:50:12,072 - mgadrive - INFO - GET /download - Status: 200 - Time: 0.0010s
2026-04-17 23:50:12,334 - mgadrive - INFO - GET /files - Status: 200 - Time: 0.0010s
2026-04-17 23:50:42,168 - mgadrive - INFO - GET /health - Status: 200 - Time: 0.0010s
2026-04-17 23:51:12,164 - mgadrive - INFO - GET /health - Status: 200 - Time: 0.0000s
2026-04-17 23:51:42,476 - mgadrive - INFO - GET /health - Status: 200 - Time: 0.0010s
2026-04-17 23:52:12,033 - mgadrive - INFO - GET /health - Status: 200 - Time: 0.0000s
2026-04-17 23:52:17,779 - mgadrive - INFO - GET /me - Status: 200 - Time: 0.0020s
2026-04-17 23:52:17,780 - mgadrive - INFO - GET /health - Status: 200 - Time: 0.0020s
2026-04-17 23:52:17,781 - mgadrive - INFO - GET /files - Status: 200 - Time: 0.0030s
2026-04-17 23:52:17,783 - mgadrive - INFO - GET /files - Status: 200 - Time: 0.0010s
2026-04-17 23:52:48,473 - mgadrive - INFO - GET /health - Status: 200 - Time: 0.0010s
2026-04-17 23:53:18,155 - mgadrive - INFO - GET /health - Status: 200 - Time: 0.0010s
2026-04-17 23:53:48,464 - mgadrive - INFO - GET /health - Status: 200 - Time: 0.0005s
2026-04-17 23:54:18,160 - mgadrive - INFO - GET /health - Status: 200 - Time: 0.0010s
2026-04-17 23:54:48,464 - mgadrive - INFO - GET /health - Status: 200 - Time: 0.0010s
2026-04-17 23:55:14,090 - mgadrive - INFO - GET /me - Status: 200 - Time: 0.0050s
2026-04-17 23:55:14,093 - mgadrive - INFO - GET /files - Status: 200 - Time: 0.0010s
2026-04-17 23:55:14,095 - mgadrive - INFO - GET /health - Status: 200 - Time: 0.0000s
2026-04-17 23:55:14,389 - mgadrive - INFO - GET /search - Status: 200 - Time: 0.0020s
2026-04-17 23:55:14,391 - mgadrive - INFO - GET /me - Status: 200 - Time: 0.0010s
2026-04-17 23:55:14,393 - mgadrive - INFO - GET /files - Status: 200 - Time: 0.0030s
2026-04-17 23:55:14,393 - mgadrive - INFO - GET /health - Status: 200 - Time: 0.0010s
2026-04-17 23:55:14,705 - mgadrive - INFO - GET /search - Status: 200 - Time: 0.0010s
2026-04-17 23:55:15,488 - mgadrive - INFO - GET /me - Status: 200 - Time: 0.0020s
2026-04-17 23:55:15,489 - mgadrive - INFO - GET /health - Status: 200 - Time: 0.0020s
2026-04-17 23:55:15,493 - mgadrive - INFO - GET /files - Status: 200 - Time: 0.0060s
2026-04-17 23:55:15,788 - mgadrive - INFO - GET /search - Status: 200 - Time: 0.0010s
2026-04-17 23:55:15,940 - mgadrive - INFO - GET /me - Status: 200 - Time: 0.0019s
2026-04-17 23:55:15,941 - mgadrive - INFO - GET /files - Status: 200 - Time: 0.0020s
2026-04-17 23:55:15,941 - mgadrive - INFO - GET /health - Status: 200 - Time: 0.0020s
2026-04-17 23:55:16,253 - mgadrive - INFO - GET /search - Status: 200 - Time: 0.0010s
2026-04-17 23:55:21,819 - mgadrive - INFO - POST /upload - Status: 200 - Time: 0.0461s
2026-04-17 23:55:21,827 - mgadrive - INFO - GET /files - Status: 200 - Time: 0.0010s
2026-04-17 23:55:25,057 - mgadrive - INFO - GET /me - Status: 200 - Time: 0.0010s
2026-04-17 23:55:25,060 - mgadrive - INFO - GET /files - Status: 200 - Time: 0.0010s
2026-04-17 23:55:25,062 - mgadrive - INFO - GET /health - Status: 200 - Time: 0.0000s
2026-04-17 23:55:25,358 - mgadrive - INFO - GET /search - Status: 200 - Time: 0.0010s
2026-04-17 23:55:25,698 - mgadrive - INFO - GET /download - Status: 200 - Time: 0.0261s
2026-04-17 23:55:25,740 - mgadrive - INFO - GET /download - Status: 200 - Time: 0.0010s
2026-04-17 23:55:26,486 - mgadrive - INFO - GET /download - Status: 200 - Time: 0.0017s
2026-04-17 23:55:26,517 - mgadrive - INFO - GET /download - Status: 200 - Time: 0.0010s
2026-04-17 23:55:34,064 - mgadrive - INFO - GET /me - Status: 200 - Time: 0.0005s
2026-04-17 23:55:34,065 - mgadrive - INFO - GET /files - Status: 200 - Time: 0.0020s
2026-04-17 23:55:34,066 - mgadrive - INFO - GET /health - Status: 200 - Time: 0.0000s
2026-04-17 23:55:34,370 - mgadrive - INFO - GET /search - Status: 200 - Time: 0.0010s
2026-04-17 23:55:34,385 - mgadrive - INFO - GET /download - Status: 200 - Time: 0.0010s
2026-04-17 23:55:34,418 - mgadrive - INFO - GET /download - Status: 200 - Time: 0.0061s
2026-04-17 23:55:34,436 - mgadrive - INFO - GET /me - Status: 200 - Time: 0.0030s
2026-04-17 23:55:34,437 - mgadrive - INFO - GET /files - Status: 200 - Time: 0.0040s
2026-04-17 23:55:34,437 - mgadrive - INFO - GET /download - Status: 200 - Time: 0.0040s
2026-04-17 23:55:34,438 - mgadrive - INFO - GET /health - Status: 200 - Time: 0.0040s
2026-04-17 23:55:34,743 - mgadrive - INFO - GET /files - Status: 200 - Time: 0.0020s
2026-04-17 23:55:34,749 - mgadrive - INFO - GET /me - Status: 200 - Time: 0.0020s
2026-04-17 23:55:34,749 - mgadrive - INFO - GET /files - Status: 200 - Time: 0.0020s
2026-04-17 23:55:34,750 - mgadrive - INFO - GET /health - Status: 200 - Time: 0.0020s
2026-04-17 23:55:34,756 - mgadrive - INFO - GET /download - Status: 200 - Time: 0.0016s
2026-04-17 23:55:34,796 - mgadrive - INFO - GET /download - Status: 200 - Time: 0.0020s
2026-04-17 23:55:35,052 - mgadrive - INFO - GET /files - Status: 200 - Time: 0.0010s
2026-04-17 23:55:35,062 - mgadrive - INFO - GET /download - Status: 200 - Time: 0.0010s
2026-04-17 23:55:35,096 - mgadrive - INFO - GET /download - Status: 200 - Time: 0.0020s
2026-04-17 23:55:39,625 - mgadrive - INFO - GET /search - Status: 200 - Time: 0.0010s
2026-04-17 23:55:39,631 - mgadrive - INFO - GET /me - Status: 200 - Time: 0.0010s
2026-04-17 23:55:39,631 - mgadrive - INFO - GET /files - Status: 200 - Time: 0.0020s
2026-04-17 23:55:39,631 - mgadrive - INFO - GET /health - Status: 200 - Time: 0.0020s
2026-04-17 23:55:39,931 - mgadrive - INFO - GET /search - Status: 200 - Time: 0.0010s
2026-04-17 23:55:42,082 - mgadrive - INFO - GET /files - Status: 200 - Time: 0.0010s
2026-04-17 23:55:42,088 - mgadrive - INFO - GET /me - Status: 200 - Time: 0.0020s
2026-04-17 23:55:42,089 - mgadrive - INFO - GET /files - Status: 200 - Time: 0.0020s
2026-04-17 23:55:42,089 - mgadrive - INFO - GET /health - Status: 200 - Time: 0.0020s
2026-04-17 23:55:42,101 - mgadrive - INFO - GET /download - Status: 200 - Time: 0.0009s
2026-04-17 23:55:42,138 - mgadrive - INFO - GET /download - Status: 200 - Time: 0.0009s
2026-04-17 23:55:42,390 - mgadrive - INFO - GET /files - Status: 200 - Time: 0.0010s
2026-04-17 23:55:42,713 - mgadrive - INFO - GET /download - Status: 200 - Time: 0.0010s
2026-04-17 23:55:42,740 - mgadrive - INFO - GET /download - Status: 200 - Time: 0.0010s
2026-04-17 23:56:12,476 - mgadrive - INFO - GET /health - Status: 200 - Time: 0.0010s
2026-04-17 23:56:42,163 - mgadrive - INFO - GET /health - Status: 200 - Time: 0.0010s
2026-04-17 23:57:12,464 - mgadrive - INFO - GET /health - Status: 200 - Time: 0.0000s
2026-04-17 23:57:42,168 - mgadrive - INFO - GET /health - Status: 200 - Time: 0.0000s
2026-04-17 23:58:12,472 - mgadrive - INFO - GET /health - Status: 200 - Time: 0.0010s
2026-04-17 23:58:42,159 - mgadrive - INFO - GET /health - Status: 200 - Time: 0.0000s
2026-04-17 23:59:32,461 - mgadrive - INFO - GET /health - Status: 200 - Time: 0.0010s
2026-04-18 00:00:33,466 - mgadrive - INFO - GET /health - Status: 200 - Time: 0.0010s
